2020-08-06 21:00:56.812 [restartedMain] INFO  o.s.b.d.env.DevToolsPropertyDefaultsPostProcessor:225 - Devtools property defaults active! Set 'spring.devtools.add-properties' to 'false' to disable
2020-08-06 21:00:59.113 [restartedMain] INFO  c.a.n.client.config.impl.LocalConfigInfoProcessor:195 - LOCAL_SNAPSHOT_PATH:C:\Users\admin\nacos\config
2020-08-06 21:00:59.180 [restartedMain] INFO  com.alibaba.nacos.client.config.impl.Limiter:53 - limitTime:5.0
2020-08-06 21:00:59.817 [restartedMain] WARN  c.a.cloud.nacos.client.NacosPropertySourceBuilder:87 - Ignore the empty nacos configuration and get it based on dataId[gateway] & group[DEFAULT_GROUP]
2020-08-06 21:00:59.835 [restartedMain] WARN  c.a.cloud.nacos.client.NacosPropertySourceBuilder:87 - Ignore the empty nacos configuration and get it based on dataId[gateway.yml] & group[DEFAULT_GROUP]
2020-08-06 21:00:59.839 [restartedMain] WARN  c.a.cloud.nacos.client.NacosPropertySourceBuilder:87 - Ignore the empty nacos configuration and get it based on dataId[gateway-local.yml] & group[DEFAULT_GROUP]
2020-08-06 21:00:59.840 [restartedMain] INFO  o.s.c.b.c.PropertySourceBootstrapConfiguration:112 - Located property source: [BootstrapPropertySource {name='bootstrapProperties-gateway-local.yml,DEFAULT_GROUP'}, BootstrapPropertySource {name='bootstrapProperties-gateway.yml,DEFAULT_GROUP'}, BootstrapPropertySource {name='bootstrapProperties-gateway,DEFAULT_GROUP'}]
2020-08-06 21:00:59.846 [restartedMain] INFO  com.polaris.lesscode.gateway.GatewayApplication:655 - The following profiles are active: local
2020-08-06 21:01:01.594 [restartedMain] WARN  o.springframework.boot.actuate.endpoint.EndpointId:155 - Endpoint ID 'bus-env' contains invalid characters, please migrate to a valid format.
2020-08-06 21:01:01.921 [restartedMain] WARN  o.springframework.boot.actuate.endpoint.EndpointId:155 - Endpoint ID 'bus-refresh' contains invalid characters, please migrate to a valid format.
2020-08-06 21:01:01.987 [restartedMain] WARN  o.springframework.boot.actuate.endpoint.EndpointId:155 - Endpoint ID 'service-registry' contains invalid characters, please migrate to a valid format.
2020-08-06 21:01:02.351 [restartedMain] INFO  o.springframework.cloud.context.scope.GenericScope:295 - BeanFactory id=7d1dcaa5-3f47-3979-955a-ee73c0390d52
2020-08-06 21:01:02.822 [restartedMain] INFO  o.s.i.c.DefaultConfiguringBeanFactoryPostProcessor:213 - No bean named 'errorChannel' has been explicitly defined. Therefore, a default PublishSubscribeChannel will be created.
2020-08-06 21:01:02.829 [restartedMain] INFO  o.s.i.c.DefaultConfiguringBeanFactoryPostProcessor:300 - No bean named 'taskScheduler' has been explicitly defined. Therefore, a default ThreadPoolTaskScheduler will be created.
2020-08-06 21:01:02.834 [restartedMain] INFO  o.s.i.c.DefaultConfiguringBeanFactoryPostProcessor:460 - No bean named 'integrationHeaderChannelRegistry' has been explicitly defined. Therefore, a default DefaultHeaderChannelRegistry will be created.
2020-08-06 21:01:03.213 [restartedMain] INFO  o.s.c.s.PostProcessorRegistrationDelegate$BeanPostProcessorChecker:335 - Bean 'io.opentracing.contrib.spring.cloud.feign.FeignTracingAutoConfiguration' of type [io.opentracing.contrib.spring.cloud.feign.FeignTracingAutoConfiguration$$EnhancerBySpringCGLIB$$831c7abd] is not eligible for getting processed by all BeanPostProcessors (for example: not eligible for auto-proxying)
2020-08-06 21:01:03.236 [restartedMain] INFO  o.s.c.s.PostProcessorRegistrationDelegate$BeanPostProcessorChecker:335 - Bean 'io.opentracing.contrib.java.spring.jaeger.starter.JaegerAutoConfiguration' of type [io.opentracing.contrib.java.spring.jaeger.starter.JaegerAutoConfiguration$$EnhancerBySpringCGLIB$$a58e7d2d] is not eligible for getting processed by all BeanPostProcessors (for example: not eligible for auto-proxying)
2020-08-06 21:01:03.252 [restartedMain] INFO  o.s.c.s.PostProcessorRegistrationDelegate$BeanPostProcessorChecker:335 - Bean 'org.springframework.cloud.stream.config.BindersHealthIndicatorAutoConfiguration' of type [org.springframework.cloud.stream.config.BindersHealthIndicatorAutoConfiguration$$EnhancerBySpringCGLIB$$921bf58a] is not eligible for getting processed by all BeanPostProcessors (for example: not eligible for auto-proxying)
2020-08-06 21:01:03.261 [restartedMain] INFO  o.s.c.s.PostProcessorRegistrationDelegate$BeanPostProcessorChecker:335 - Bean 'bindersHealthContributor' of type [org.springframework.cloud.stream.config.BindersHealthIndicatorAutoConfiguration$BindersHealthContributor] is not eligible for getting processed by all BeanPostProcessors (for example: not eligible for auto-proxying)
2020-08-06 21:01:03.275 [restartedMain] INFO  o.s.c.s.PostProcessorRegistrationDelegate$BeanPostProcessorChecker:335 - Bean 'bindersHealthIndicatorListener' of type [org.springframework.cloud.stream.config.BindersHealthIndicatorAutoConfiguration$BindersHealthIndicatorListener] is not eligible for getting processed by all BeanPostProcessors (for example: not eligible for auto-proxying)
2020-08-06 21:01:03.284 [restartedMain] INFO  o.s.c.s.PostProcessorRegistrationDelegate$BeanPostProcessorChecker:335 - Bean 'org.springframework.cloud.stream.binder.rabbit.config.ExtendedBindingHandlerMappingsProviderConfiguration' of type [org.springframework.cloud.stream.binder.rabbit.config.ExtendedBindingHandlerMappingsProviderConfiguration$$EnhancerBySpringCGLIB$$442145ff] is not eligible for getting processed by all BeanPostProcessors (for example: not eligible for auto-proxying)
2020-08-06 21:01:03.293 [restartedMain] INFO  o.s.c.s.PostProcessorRegistrationDelegate$BeanPostProcessorChecker:335 - Bean 'rabbitExtendedPropertiesDefaultMappingsProvider' of type [org.springframework.cloud.stream.binder.rabbit.config.ExtendedBindingHandlerMappingsProviderConfiguration$$Lambda$311/2032854859] is not eligible for getting processed by all BeanPostProcessors (for example: not eligible for auto-proxying)
2020-08-06 21:01:03.315 [restartedMain] INFO  o.s.c.s.PostProcessorRegistrationDelegate$BeanPostProcessorChecker:335 - Bean 'BindingHandlerAdvise' of type [org.springframework.cloud.stream.config.BindingHandlerAdvise] is not eligible for getting processed by all BeanPostProcessors (for example: not eligible for auto-proxying)
2020-08-06 21:01:03.338 [restartedMain] INFO  o.s.c.s.PostProcessorRegistrationDelegate$BeanPostProcessorChecker:335 - Bean 'spelConverter' of type [org.springframework.cloud.stream.config.SpelExpressionConverterConfiguration$SpelConverter] is not eligible for getting processed by all BeanPostProcessors (for example: not eligible for auto-proxying)
2020-08-06 21:01:03.347 [restartedMain] INFO  o.s.c.s.PostProcessorRegistrationDelegate$BeanPostProcessorChecker:335 - Bean 'opentracing.jaeger-io.opentracing.contrib.java.spring.jaeger.starter.JaegerConfigurationProperties' of type [io.opentracing.contrib.java.spring.jaeger.starter.JaegerConfigurationProperties] is not eligible for getting processed by all BeanPostProcessors (for example: not eligible for auto-proxying)
2020-08-06 21:01:03.355 [restartedMain] INFO  o.s.c.s.PostProcessorRegistrationDelegate$BeanPostProcessorChecker:335 - Bean 'metricsFactory' of type [io.jaegertracing.internal.metrics.NoopMetricsFactory] is not eligible for getting processed by all BeanPostProcessors (for example: not eligible for auto-proxying)
2020-08-06 21:01:03.364 [restartedMain] INFO  o.s.c.s.PostProcessorRegistrationDelegate$BeanPostProcessorChecker:335 - Bean 'metrics' of type [io.jaegertracing.internal.metrics.Metrics] is not eligible for getting processed by all BeanPostProcessors (for example: not eligible for auto-proxying)
2020-08-06 21:01:03.369 [restartedMain] INFO  o.s.c.s.PostProcessorRegistrationDelegate$BeanPostProcessorChecker:335 - Bean 'sampler' of type [io.jaegertracing.internal.samplers.ConstSampler] is not eligible for getting processed by all BeanPostProcessors (for example: not eligible for auto-proxying)
2020-08-06 21:01:03.455 [restartedMain] INFO  o.s.c.s.PostProcessorRegistrationDelegate$BeanPostProcessorChecker:335 - Bean 'reporter' of type [io.jaegertracing.internal.reporters.CompositeReporter] is not eligible for getting processed by all BeanPostProcessors (for example: not eligible for auto-proxying)
2020-08-06 21:01:03.550 [restartedMain] INFO  o.s.c.s.PostProcessorRegistrationDelegate$BeanPostProcessorChecker:335 - Bean 'tracer' of type [io.jaegertracing.internal.JaegerTracer] is not eligible for getting processed by all BeanPostProcessors (for example: not eligible for auto-proxying)
2020-08-06 21:01:03.552 [restartedMain] INFO  o.s.c.s.PostProcessorRegistrationDelegate$BeanPostProcessorChecker:335 - Bean 'io.opentracing.contrib.spring.web.starter.WebClientTracingAutoConfiguration$DefaultWebClientSpanDecorators' of type [io.opentracing.contrib.spring.web.starter.WebClientTracingAutoConfiguration$DefaultWebClientSpanDecorators$$EnhancerBySpringCGLIB$$b914deb2] is not eligible for getting processed by all BeanPostProcessors (for example: not eligible for auto-proxying)
2020-08-06 21:01:03.559 [restartedMain] INFO  o.s.c.s.PostProcessorRegistrationDelegate$BeanPostProcessorChecker:335 - Bean 'standardTagsWebClientSpanDecorator' of type [io.opentracing.contrib.spring.web.client.WebClientSpanDecorator$StandardTags] is not eligible for getting processed by all BeanPostProcessors (for example: not eligible for auto-proxying)
2020-08-06 21:01:03.571 [restartedMain] INFO  o.s.c.s.PostProcessorRegistrationDelegate$BeanPostProcessorChecker:335 - Bean 'integrationChannelResolver' of type [org.springframework.integration.support.channel.BeanFactoryChannelResolver] is not eligible for getting processed by all BeanPostProcessors (for example: not eligible for auto-proxying)
2020-08-06 21:01:03.583 [restartedMain] INFO  o.s.c.s.PostProcessorRegistrationDelegate$BeanPostProcessorChecker:335 - Bean 'integrationDisposableAutoCreatedBeans' of type [org.springframework.integration.config.annotation.Disposables] is not eligible for getting processed by all BeanPostProcessors (for example: not eligible for auto-proxying)
2020-08-06 21:01:03.621 [restartedMain] INFO  o.s.c.s.PostProcessorRegistrationDelegate$BeanPostProcessorChecker:335 - Bean 'org.springframework.integration.config.IntegrationManagementConfiguration' of type [org.springframework.integration.config.IntegrationManagementConfiguration] is not eligible for getting processed by all BeanPostProcessors (for example: not eligible for auto-proxying)
2020-08-06 21:01:03.629 [restartedMain] INFO  o.s.c.s.PostProcessorRegistrationDelegate$BeanPostProcessorChecker:335 - Bean 'org.springframework.cloud.client.loadbalancer.reactive.LoadBalancerBeanPostProcessorAutoConfiguration' of type [org.springframework.cloud.client.loadbalancer.reactive.LoadBalancerBeanPostProcessorAutoConfiguration] is not eligible for getting processed by all BeanPostProcessors (for example: not eligible for auto-proxying)
2020-08-06 21:01:03.647 [restartedMain] INFO  o.s.c.s.PostProcessorRegistrationDelegate$BeanPostProcessorChecker:335 - Bean 'org.springframework.cloud.client.loadbalancer.reactive.LoadBalancerBeanPostProcessorAutoConfiguration$ReactiveLoadBalancerConfig' of type [org.springframework.cloud.client.loadbalancer.reactive.LoadBalancerBeanPostProcessorAutoConfiguration$ReactiveLoadBalancerConfig] is not eligible for getting processed by all BeanPostProcessors (for example: not eligible for auto-proxying)
2020-08-06 21:01:03.648 [restartedMain] INFO  o.s.c.s.PostProcessorRegistrationDelegate$BeanPostProcessorChecker:335 - Bean 'deferringLoadBalancerExchangeFilterFunction' of type [org.springframework.cloud.client.loadbalancer.reactive.DeferringLoadBalancerExchangeFilterFunction] is not eligible for getting processed by all BeanPostProcessors (for example: not eligible for auto-proxying)
2020-08-06 21:01:04.201 [restartedMain] WARN  com.netflix.config.sources.URLConfigurationSource:121 - No URLs will be polled as dynamic configuration sources.
2020-08-06 21:01:04.202 [restartedMain] INFO  com.netflix.config.sources.URLConfigurationSource:122 - To enable URLs as dynamic configuration sources, define System property archaius.configurationSource.additionalUrls or make config.properties available on classpath.
2020-08-06 21:01:04.215 [restartedMain] WARN  com.netflix.config.sources.URLConfigurationSource:121 - No URLs will be polled as dynamic configuration sources.
2020-08-06 21:01:04.216 [restartedMain] INFO  com.netflix.config.sources.URLConfigurationSource:122 - To enable URLs as dynamic configuration sources, define System property archaius.configurationSource.additionalUrls or make config.properties available on classpath.
2020-08-06 21:01:06.411 [restartedMain] INFO  org.springframework.cloud.commons.util.InetUtils:170 - Cannot determine local hostname
2020-08-06 21:01:08.171 [restartedMain] INFO  org.springframework.cloud.commons.util.InetUtils:170 - Cannot determine local hostname
2020-08-06 21:01:10.047 [restartedMain] INFO  o.s.c.gateway.route.RouteDefinitionRouteLocator:139 - Loaded RoutePredicateFactory [After]
2020-08-06 21:01:10.047 [restartedMain] INFO  o.s.c.gateway.route.RouteDefinitionRouteLocator:139 - Loaded RoutePredicateFactory [Before]
2020-08-06 21:01:10.047 [restartedMain] INFO  o.s.c.gateway.route.RouteDefinitionRouteLocator:139 - Loaded RoutePredicateFactory [Between]
2020-08-06 21:01:10.047 [restartedMain] INFO  o.s.c.gateway.route.RouteDefinitionRouteLocator:139 - Loaded RoutePredicateFactory [Cookie]
2020-08-06 21:01:10.047 [restartedMain] INFO  o.s.c.gateway.route.RouteDefinitionRouteLocator:139 - Loaded RoutePredicateFactory [Header]
2020-08-06 21:01:10.047 [restartedMain] INFO  o.s.c.gateway.route.RouteDefinitionRouteLocator:139 - Loaded RoutePredicateFactory [Host]
2020-08-06 21:01:10.047 [restartedMain] INFO  o.s.c.gateway.route.RouteDefinitionRouteLocator:139 - Loaded RoutePredicateFactory [Method]
2020-08-06 21:01:10.047 [restartedMain] INFO  o.s.c.gateway.route.RouteDefinitionRouteLocator:139 - Loaded RoutePredicateFactory [Path]
2020-08-06 21:01:10.047 [restartedMain] INFO  o.s.c.gateway.route.RouteDefinitionRouteLocator:139 - Loaded RoutePredicateFactory [Query]
2020-08-06 21:01:10.048 [restartedMain] INFO  o.s.c.gateway.route.RouteDefinitionRouteLocator:139 - Loaded RoutePredicateFactory [ReadBodyPredicateFactory]
2020-08-06 21:01:10.048 [restartedMain] INFO  o.s.c.gateway.route.RouteDefinitionRouteLocator:139 - Loaded RoutePredicateFactory [RemoteAddr]
2020-08-06 21:01:10.048 [restartedMain] INFO  o.s.c.gateway.route.RouteDefinitionRouteLocator:139 - Loaded RoutePredicateFactory [Weight]
2020-08-06 21:01:10.048 [restartedMain] INFO  o.s.c.gateway.route.RouteDefinitionRouteLocator:139 - Loaded RoutePredicateFactory [CloudFoundryRouteService]
2020-08-06 21:01:10.850 [restartedMain] WARN  o.springframework.boot.actuate.endpoint.EndpointId:155 - Endpoint ID 'nacos-config' contains invalid characters, please migrate to a valid format.
2020-08-06 21:01:10.852 [restartedMain] WARN  o.springframework.boot.actuate.endpoint.EndpointId:155 - Endpoint ID 'nacos-discovery' contains invalid characters, please migrate to a valid format.
2020-08-06 21:01:11.031 [restartedMain] INFO  com.alibaba.nacos.client.naming:56 - initializer namespace from System Property :null
2020-08-06 21:01:11.033 [restartedMain] INFO  com.alibaba.nacos.client.naming:65 - initializer namespace from System Environment :null
2020-08-06 21:01:11.044 [restartedMain] INFO  com.alibaba.nacos.client.naming:75 - initializer namespace from System Property :null
2020-08-06 21:01:13.630 [restartedMain] INFO  org.springframework.cloud.commons.util.InetUtils:170 - Cannot determine local hostname
2020-08-06 21:01:13.746 [restartedMain] INFO  o.s.b.actuate.endpoint.web.EndpointLinksResolver:58 - Exposing 2 endpoint(s) beneath base path '/actuator'
2020-08-06 21:01:14.386 [restartedMain] INFO  o.s.scheduling.concurrent.ThreadPoolTaskScheduler:181 - Initializing ExecutorService 'taskScheduler'
2020-08-06 21:01:15.091 [restartedMain] INFO  o.s.c.s.f.FunctionConfiguration$FunctionBindingRegistrar:697 - Functional binding is disabled due to the presense of @EnableBinding annotation in your configuration
2020-08-06 21:01:15.413 [restartedMain] INFO  o.s.b.d.autoconfigure.OptionalLiveReloadServer:58 - LiveReload server is running on port 35729
2020-08-06 21:01:17.306 [restartedMain] INFO  org.springframework.cloud.commons.util.InetUtils:170 - Cannot determine local hostname
2020-08-06 21:01:17.714 [restartedMain] INFO  o.s.c.stream.messaging.DirectWithAttributesChannel:64 - Channel 'gateway-1.springCloudBusInput' has 1 subscriber(s).
2020-08-06 21:01:17.802 [restartedMain] INFO  o.s.integration.endpoint.EventDrivenConsumer:107 - Adding {logging-channel-adapter:_org.springframework.integration.errorLogger} as a subscriber to the 'errorChannel' channel
2020-08-06 21:01:17.803 [restartedMain] INFO  o.s.integration.channel.PublishSubscribeChannel:64 - Channel 'gateway-1.errorChannel' has 1 subscriber(s).
2020-08-06 21:01:17.805 [restartedMain] INFO  o.s.integration.endpoint.EventDrivenConsumer:159 - started bean '_org.springframework.integration.errorLogger'
2020-08-06 21:01:17.808 [restartedMain] INFO  o.s.cloud.stream.binder.DefaultBinderFactory:237 - Creating binder: rabbit
2020-08-06 21:01:20.179 [restartedMain] WARN  c.a.cloud.nacos.client.NacosPropertySourceBuilder:87 - Ignore the empty nacos configuration and get it based on dataId[gateway] & group[DEFAULT_GROUP]
2020-08-06 21:01:20.182 [restartedMain] WARN  c.a.cloud.nacos.client.NacosPropertySourceBuilder:87 - Ignore the empty nacos configuration and get it based on dataId[gateway.yml] & group[DEFAULT_GROUP]
2020-08-06 21:01:20.185 [restartedMain] WARN  c.a.cloud.nacos.client.NacosPropertySourceBuilder:87 - Ignore the empty nacos configuration and get it based on dataId[gateway-local.yml] & group[DEFAULT_GROUP]
2020-08-06 21:01:20.186 [restartedMain] INFO  o.s.c.b.c.PropertySourceBootstrapConfiguration:112 - Located property source: [BootstrapPropertySource {name='bootstrapProperties-gateway-local.yml,DEFAULT_GROUP'}, BootstrapPropertySource {name='bootstrapProperties-gateway.yml,DEFAULT_GROUP'}, BootstrapPropertySource {name='bootstrapProperties-gateway,DEFAULT_GROUP'}]
2020-08-06 21:01:20.816 [restartedMain] INFO  com.alibaba.nacos.client.config.impl.ClientWorker:202 - [fixed-192.168.88.222_8848] [subscribe] gateway-local.yml+DEFAULT_GROUP
2020-08-06 21:01:20.817 [restartedMain] INFO  com.alibaba.nacos.client.config.impl.CacheData:79 - [fixed-192.168.88.222_8848] [add-listener] ok, tenant=, dataId=gateway-local.yml, group=DEFAULT_GROUP, cnt=1
2020-08-06 21:01:20.818 [restartedMain] INFO  com.alibaba.nacos.client.config.impl.ClientWorker:202 - [fixed-192.168.88.222_8848] [subscribe] gateway.yml+DEFAULT_GROUP
2020-08-06 21:01:20.818 [restartedMain] INFO  com.alibaba.nacos.client.config.impl.CacheData:79 - [fixed-192.168.88.222_8848] [add-listener] ok, tenant=, dataId=gateway.yml, group=DEFAULT_GROUP, cnt=1
2020-08-06 21:01:20.819 [restartedMain] INFO  com.alibaba.nacos.client.config.impl.ClientWorker:202 - [fixed-192.168.88.222_8848] [subscribe] gateway+DEFAULT_GROUP
2020-08-06 21:01:20.819 [restartedMain] INFO  com.alibaba.nacos.client.config.impl.CacheData:79 - [fixed-192.168.88.222_8848] [add-listener] ok, tenant=, dataId=gateway, group=DEFAULT_GROUP, cnt=1
2020-08-06 21:01:20.820 [restartedMain] INFO  o.s.cloud.stream.binder.DefaultBinderFactory:337 - Caching the binder: rabbit
2020-08-06 21:01:20.821 [restartedMain] INFO  o.s.cloud.stream.binder.DefaultBinderFactory:341 - Retrieving cached binder: rabbit
2020-08-06 21:01:21.026 [restartedMain] INFO  o.s.a.rabbit.connection.CachingConnectionFactory:558 - Attempting to connect to: [localhost:5672]
2020-08-06 21:01:21.468 [restartedMain] INFO  o.s.a.rabbit.connection.CachingConnectionFactory:511 - Created new connection: rabbitConnectionFactory#73fea683:0/SimpleConnection@5dca68dc [delegate=amqp://guest@127.0.0.1:5672/, localPort= 35633]
2020-08-06 21:01:21.519 [restartedMain] INFO  o.s.c.stream.messaging.DirectWithAttributesChannel:64 - Channel 'gateway-1.springCloudBusOutput' has 1 subscriber(s).
2020-08-06 21:01:21.526 [restartedMain] INFO  o.s.cloud.stream.binder.DefaultBinderFactory:341 - Retrieving cached binder: rabbit
2020-08-06 21:01:21.605 [restartedMain] INFO  o.s.c.s.b.r.p.RabbitExchangeQueueProvisioner:237 - declaring queue for inbound: springCloudBus.anonymous.z_O8TxeiTi-7jm9T3O0Amg, bound to: springCloudBus
2020-08-06 21:01:21.644 [restartedMain] INFO  o.s.cloud.stream.binder.BinderErrorChannel:64 - Channel 'springCloudBus.anonymous.z_O8TxeiTi-7jm9T3O0Amg.errors' has 1 subscriber(s).
2020-08-06 21:01:21.644 [restartedMain] INFO  o.s.cloud.stream.binder.BinderErrorChannel:64 - Channel 'springCloudBus.anonymous.z_O8TxeiTi-7jm9T3O0Amg.errors' has 2 subscriber(s).
2020-08-06 21:01:21.722 [restartedMain] INFO  o.s.i.amqp.inbound.AmqpInboundChannelAdapter:159 - started bean 'inbound.springCloudBus.anonymous.z_O8TxeiTi-7jm9T3O0Amg'
2020-08-06 21:01:22.854 [restartedMain] INFO  o.s.boot.web.embedded.netty.NettyWebServer:109 - Netty started on port(s): 10999
2020-08-06 21:01:25.720 [restartedMain] INFO  org.springframework.cloud.commons.util.InetUtils:170 - Cannot determine local hostname
2020-08-06 21:01:27.396 [restartedMain] INFO  org.springframework.cloud.commons.util.InetUtils:170 - Cannot determine local hostname
2020-08-06 21:01:27.400 [restartedMain] INFO  com.alibaba.nacos.client.naming:58 - [BEAT] adding beat: {"cluster":"DEFAULT","ip":"169.254.187.36","metadata":{"preserved.register.source":"SPRING_CLOUD"},"period":5000,"port":10999,"scheduled":false,"serviceName":"DEFAULT_GROUP@@gateway","stopped":false,"weight":1.0} to beat map.
2020-08-06 21:01:27.742 [restartedMain] INFO  com.alibaba.nacos.client.naming:175 - [REGISTER-SERVICE] public registering service DEFAULT_GROUP@@gateway with instance: {"clusterName":"DEFAULT","enabled":true,"ephemeral":true,"healthy":true,"instanceHeartBeatInterval":5000,"instanceHeartBeatTimeOut":15000,"ip":"169.254.187.36","ipDeleteTimeout":30000,"metadata":{"preserved.register.source":"SPRING_CLOUD"},"port":10999,"weight":1.0}
2020-08-06 21:01:27.757 [restartedMain] INFO  c.a.cloud.nacos.registry.NacosServiceRegistry:65 - nacos registry, DEFAULT_GROUP gateway 169.254.187.36:10999 register finished
2020-08-06 21:01:27.806 [restartedMain] INFO  com.polaris.lesscode.gateway.GatewayApplication:61 - Started GatewayApplication in 33.672 seconds (JVM running for 34.915)
2020-08-06 21:04:29.373 [reactor-http-nio-2] INFO  i.jaegertracing.internal.reporters.LoggingReporter:43 - Span reported: b0ff9aa1ab09bc99:b0ff9aa1ab09bc99:0:1 - GET
2020-08-06 21:04:58.670 [reactor-http-nio-2] INFO  i.jaegertracing.internal.reporters.LoggingReporter:43 - Span reported: 62f3eab32debd9fd:62f3eab32debd9fd:0:1 - GET
2020-08-06 21:05:04.505 [reactor-http-nio-2] INFO  com.netflix.config.ChainedDynamicProperty:115 - Flipping property: app.ribbon.ActiveConnectionsLimit to use NEXT property: niws.loadbalancer.availabilityFilteringRule.activeConnectionsLimit = 2147483647
2020-08-06 21:05:04.535 [reactor-http-nio-2] INFO  com.netflix.loadbalancer.BaseLoadBalancer:197 - Client: app instantiated a LoadBalancer: DynamicServerListLoadBalancer:{NFLoadBalancer:name=app,current list of Servers=[],Load balancer stats=Zone stats: {},Server stats: []}ServerList:null
2020-08-06 21:05:04.548 [reactor-http-nio-2] INFO  c.n.loadbalancer.DynamicServerListLoadBalancer:222 - Using serverListUpdater PollingServerListUpdater
2020-08-06 21:05:04.576 [reactor-http-nio-2] INFO  com.alibaba.nacos.client.naming:164 - new ips(1) service: DEFAULT_GROUP@@app -> [{"clusterName":"DEFAULT","enabled":true,"ephemeral":true,"healthy":true,"instanceHeartBeatInterval":5000,"instanceHeartBeatTimeOut":15000,"instanceId":"169.254.187.36#10666#DEFAULT#DEFAULT_GROUP@@app","ip":"169.254.187.36","ipDeleteTimeout":30000,"metadata":{"preserved.register.source":"SPRING_CLOUD"},"port":10666,"serviceName":"DEFAULT_GROUP@@app","weight":1.0}]
2020-08-06 21:05:04.601 [reactor-http-nio-2] INFO  com.alibaba.nacos.client.naming:200 - current ips:(1) service: DEFAULT_GROUP@@app -> [{"clusterName":"DEFAULT","enabled":true,"ephemeral":true,"healthy":true,"instanceHeartBeatInterval":5000,"instanceHeartBeatTimeOut":15000,"instanceId":"169.254.187.36#10666#DEFAULT#DEFAULT_GROUP@@app","ip":"169.254.187.36","ipDeleteTimeout":30000,"metadata":{"preserved.register.source":"SPRING_CLOUD"},"port":10666,"serviceName":"DEFAULT_GROUP@@app","weight":1.0}]
2020-08-06 21:05:04.623 [reactor-http-nio-2] INFO  com.netflix.config.ChainedDynamicProperty:115 - Flipping property: app.ribbon.ActiveConnectionsLimit to use NEXT property: niws.loadbalancer.availabilityFilteringRule.activeConnectionsLimit = 2147483647
2020-08-06 21:05:04.626 [reactor-http-nio-2] INFO  c.n.loadbalancer.DynamicServerListLoadBalancer:150 - DynamicServerListLoadBalancer for client app initialized: DynamicServerListLoadBalancer:{NFLoadBalancer:name=app,current list of Servers=[169.254.187.36:10666],Load balancer stats=Zone stats: {unknown=[Zone:unknown;	Instance count:1;	Active connections count: 0;	Circuit breaker tripped count: 0;	Active connections per server: 0.0;]
},Server stats: [[Server:169.254.187.36:10666;	Zone:UNKNOWN;	Total Requests:0;	Successive connection failure:0;	Total blackout seconds:0;	Last connection made:Thu Jan 01 08:00:00 CST 1970;	First connection made: Thu Jan 01 08:00:00 CST 1970;	Active Connections:0;	total failure count in last (1000) msecs:0;	average resp time:0.0;	90 percentile resp time:0.0;	95 percentile resp time:0.0;	min resp time:0.0;	max resp time:0.0;	stddev resp time:0.0]
]}ServerList:com.alibaba.cloud.nacos.ribbon.NacosServerList@5f774b30
2020-08-06 21:05:05.035 [reactor-http-nio-2] INFO  i.jaegertracing.internal.reporters.LoggingReporter:43 - Span reported: d2e1f06003916f27:d2e1f06003916f27:0:1 - GET
2020-08-06 21:05:05.559 [PollingServerListUpdater-0] INFO  com.netflix.config.ChainedDynamicProperty:115 - Flipping property: app.ribbon.ActiveConnectionsLimit to use NEXT property: niws.loadbalancer.availabilityFilteringRule.activeConnectionsLimit = 2147483647
